<?xml version="1.0" encoding="UTF-8"?>
<!-- Generated by org.testng.reporters.JUnitReportReporter -->
<testsuite hostname="DESKTOP-BKRBQFL" failures="0" tests="1" name="testcases.TestB" time="0.031" errors="0" timestamp="2021-02-23T14:33:01 IST" skipped="0">
  <testcase classname="testcases.TestB" name="testB" time="0.031"/>
  <system-out/>
</testsuite> <!-- testcases.TestB -->
