<?xml version="1.0" encoding="UTF-8"?>
<!-- Generated by org.testng.reporters.JUnitReportReporter -->
<testsuite hostname="DESKTOP-BKRBQFL" failures="0" tests="3" name="testcases.TestA" time="0.044" errors="0" timestamp="2021-02-23T14:33:01 IST" skipped="0">
  <testcase classname="testcases.TestA" name="doLogin" time="0.027"/>
  <system-out/>
  <testcase classname="testcases.TestA" name="doPasswordChange" time="0.014"/>
  <system-out/>
  <testcase classname="testcases.TestA" name="doLogout" time="0.003"/>
  <system-out/>
</testsuite> <!-- testcases.TestA -->
