<?xml version="1.0" encoding="UTF-8"?>
<!-- Generated by org.testng.reporters.JUnitReportReporter -->
<testsuite hostname="DESKTOP-BKRBQFL" failures="0" tests="2" name="testcases.TestC" time="0.030" errors="0" timestamp="2021-02-23T14:33:01 IST" skipped="0">
  <testcase classname="testcases.TestC" name="loginTest" time="0.020"/>
  <system-out/>
  <testcase classname="testcases.TestC" name="loginTest" time="0.010"/>
  <system-out/>
</testsuite> <!-- testcases.TestC -->
